Hmm ... looks like a package

This is pdfTeX, Version 3.1415926-1.40.10 (TeX Live 2009/Debian)
entering extended mode
LaTeX2e <2009/09/24>
Babel <v3.8l> and hyphenation patterns for english, usenglishmax, dumylang, noh
yphenation, loaded.
(./Rd2.tex
(/usr/share/texmf-texlive/tex/latex/base/book.cls
Document Class: book 2007/10/19 v1.4h Standard LaTeX document class
(/usr/share/texmf-texlive/tex/latex/base/bk10.clo))
(/usr/share/R/share/texmf/tex/latex/Rd.sty
(/usr/share/texmf-texlive/tex/latex/base/ifthen.sty)
(/usr/share/texmf-texlive/tex/latex/tools/longtable.sty)
(/usr/share/texmf-texlive/tex/latex/tools/bm.sty)
(/usr/share/texmf-texlive/tex/latex/base/alltt.sty)
(/usr/share/texmf-texlive/tex/latex/tools/verbatim.sty)
(/usr/share/texmf-texlive/tex/latex/ltxmisc/url.sty) NOT loading ae
(/usr/share/texmf-texlive/tex/latex/base/fontenc.sty
(/usr/share/texmf-texlive/tex/latex/base/t1enc.def))
(/usr/share/texmf-texlive/tex/latex/psnfss/times.sty) NOT loading lmodern
(/usr/share/texmf-texlive/tex/latex/inconsolata/inconsolata.sty
(/usr/share/texmf-texlive/tex/latex/base/textcomp.sty
(/usr/share/texmf-texlive/tex/latex/base/ts1enc.def))
(/usr/share/texmf-texlive/tex/latex/graphics/keyval.sty))
(/usr/share/texmf-texlive/tex/latex/graphics/color.sty
(/etc/texmf/tex/latex/config/color.cfg)
(/usr/share/texmf-texlive/tex/latex/pdftex-def/pdftex.def))
(/usr/share/texmf-texlive/tex/latex/hyperref/hyperref.sty
(/usr/share/texmf-texlive/tex/generic/oberdiek/ifpdf.sty)
(/usr/share/texmf-texlive/tex/generic/oberdiek/ifvtex.sty)
(/usr/share/texmf-texlive/tex/generic/ifxetex/ifxetex.sty)
(/usr/share/texmf-texlive/tex/latex/oberdiek/hycolor.sty
(/usr/share/texmf-texlive/tex/latex/oberdiek/xcolor-patch.sty))
(/usr/share/texmf-texlive/tex/latex/hyperref/pd1enc.def)
(/usr/share/texmf-texlive/tex/generic/oberdiek/etexcmds.sty
(/usr/share/texmf-texlive/tex/generic/oberdiek/infwarerr.sty))
(/etc/texmf/tex/latex/config/hyperref.cfg)
(/usr/share/texmf-texlive/tex/latex/oberdiek/kvoptions.sty
(/usr/share/texmf-texlive/tex/generic/oberdiek/kvsetkeys.sty))
Implicit mode ON; LaTeX internals redefined
(/usr/share/texmf-texlive/tex/generic/oberdiek/bitset.sty
(/usr/share/texmf-texlive/tex/generic/oberdiek/intcalc.sty)
(/usr/share/texmf-texlive/tex/generic/oberdiek/bigintcalc.sty
(/usr/share/texmf-texlive/tex/generic/oberdiek/pdftexcmds.sty
(/usr/share/texmf-texlive/tex/generic/oberdiek/ifluatex.sty)
(/usr/share/texmf-texlive/tex/generic/oberdiek/ltxcmds.sty))))
(/usr/share/texmf-texlive/tex/generic/oberdiek/atbegshi.sty))
*hyperref using default driver hpdftex*
(/usr/share/texmf-texlive/tex/latex/hyperref/hpdftex.def)

Package hyperref Warning: Option `hyperindex' has already been used,
(hyperref)                setting the option has no effect on input line 342.


Package hyperref Warning: Option `pagebackref' has already been used,
(hyperref)                setting the option has no effect on input line 342.

) (/usr/share/texmf-texlive/tex/latex/base/makeidx.sty)
(/usr/share/texmf-texlive/tex/latex/base/inputenc.sty
(/usr/share/texmf-texlive/tex/latex/base/utf8.def
(/usr/share/texmf-texlive/tex/latex/base/t1enc.dfu)
(/usr/share/texmf-texlive/tex/latex/base/ot1enc.dfu)
(/usr/share/texmf-texlive/tex/latex/base/omsenc.dfu)
(/usr/share/texmf-texlive/tex/latex/base/ts1enc.dfu))
(/usr/share/texmf-texlive/tex/latex/base/latin1.def))
Writing index file Rd2.idx
No file Rd2.aux.
(/usr/share/texmf-texlive/tex/latex/base/ts1cmr.fd)
(/usr/share/texmf-texlive/tex/latex/psnfss/t1ptm.fd)
(/usr/share/texmf-texlive/tex/context/base/supp-pdf.mkii
[Loading MPS to PDF converter (version 2006.09.02).]
) (/usr/share/texmf-texlive/tex/latex/hyperref/nameref.sty
(/usr/share/texmf-texlive/tex/latex/oberdiek/refcount.sty))
(/usr/share/texmf-texlive/tex/latex/inconsolata/t1fi4.fd)
Overfull \hbox (589.72427pt too wide) in paragraph at lines 33--34
\T1/ptm/m/n/10 'auxilary.R' 'chunkify.R' 'compact.R' 'cut_ff.R' 'diff_ff.R''dro
plevels.R' 'ffappend.R' 'ffdfsave.R' 'mean.R' 'pkg.R''risplit.R' 'subset.R' 'Su
mmary_ff.R' 'table_ff.R''tabulate_ff.R' 'transform.R' 'unique.R' 'with.R' 'ffwh
ich.R''ffplyr.R' 'zzz.R'  
(/usr/share/texmf-texlive/tex/latex/psnfss/t1phv.fd)
(/usr/share/texmf-texlive/tex/latex/base/utf8.def)
(/usr/share/texmf-texlive/tex/latex/psnfss/ts1ptm.fd) [1{/var/lib/texmf/fonts/m
ap/pdftex/updmap/pdftex.map}] (/usr/share/texmf-texlive/tex/latex/base/utf8.def
) [2] (/usr/share/texmf-texlive/tex/latex/base/utf8.def)
(/usr/share/texmf-texlive/tex/latex/base/utf8.def) [3]
(/usr/share/texmf-texlive/tex/latex/base/utf8.def)
(/usr/share/texmf-texlive/tex/latex/base/utf8.def) [4]
(/usr/share/texmf-texlive/tex/latex/base/utf8.def) [5]
(/usr/share/texmf-texlive/tex/latex/base/utf8.def)
(/usr/share/texmf-texlive/tex/latex/base/utf8.def) [6]
(/usr/share/texmf-texlive/tex/latex/base/utf8.def) [7]
(/usr/share/texmf-texlive/tex/latex/base/utf8.def)
(/usr/share/texmf-texlive/tex/latex/base/utf8.def) [8]
Overfull \hbox (71.28088pt too wide) in paragraph at lines 472--472
 []\T1/fi4/m/n/9 lowestbypetalwidth <- lowestbypetalwidth[!duplicated(lowestbyp
etalwidth[, c("Species","Petal.Width")]), ][] 
[9]
Overfull \hbox (84.78088pt too wide) in paragraph at lines 475--475
 []\T1/fi4/m/n/9 highestbypetalwidth <- highestbypetalwidth[!duplicated(highest
bypetalwidth[, c("Species","Petal.Width")]), ][] 
(/usr/share/texmf-texlive/tex/latex/base/utf8.def) [10]
(/usr/share/texmf-texlive/tex/latex/base/utf8.def)
(/usr/share/texmf-texlive/tex/latex/base/utf8.def) [11]
(/usr/share/texmf-texlive/tex/latex/base/utf8.def) [12]
(/usr/share/texmf-texlive/tex/latex/base/utf8.def)
(/usr/share/texmf-texlive/tex/latex/base/utf8.def) [13]
(/usr/share/texmf-texlive/tex/latex/base/utf8.def) [14]
(/usr/share/texmf-texlive/tex/latex/base/utf8.def)
(/usr/share/texmf-texlive/tex/latex/base/utf8.def) [15]
(/usr/share/texmf-texlive/tex/latex/base/utf8.def) [16]
(/usr/share/texmf-texlive/tex/latex/base/utf8.def)
(/usr/share/texmf-texlive/tex/latex/base/utf8.def) [17]
(/usr/share/texmf-texlive/tex/latex/base/utf8.def) [18]
(/usr/share/texmf-texlive/tex/latex/base/utf8.def)
No file Rd2.ind.
[19] (./Rd2.aux) )
(see the transcript file for additional information)pdfTeX warning (dest): name
{Rfn.within} has been referenced but does not exist, replaced by a fixed one

pdfTeX warning (dest): name{Rfn.with} has been referenced but does not exist, r
eplaced by a fixed one

pdfTeX warning (dest): name{Rfn.unique} has been referenced but does not exist,
 replaced by a fixed one

pdfTeX warning (dest): name{Rfn.transform} has been referenced but does not exi
st, replaced by a fixed one

pdfTeX warning (dest): name{Rfn.tabulate} has been referenced but does not exis
t, replaced by a fixed one

pdfTeX warning (dest): name{Rfn.table} has been referenced but does not exist, 
replaced by a fixed one

pdfTeX warning (dest): name{Rfn.as.ffdf} has been referenced but does not exist
, replaced by a fixed one

pdfTeX warning (dest): name{Rfn.droplevels} has been referenced but does not ex
ist, replaced by a fixed one

pdfTeX warning (dest): name{Rfn.cut.default} has been referenced but does not e
xist, replaced by a fixed one

pdfTeX warning (dest): name{Rfn.ffdf} has been referenced but does not exist, r
eplaced by a fixed one

pdfTeX warning (dest): name{Rfn.ff} has been referenced but does not exist, rep
laced by a fixed one

{/usr/share/texmf-texlive/fonts/enc/dvips/base/8r.enc}{/usr/share/texmf-texlive
/fonts/enc/dvips/inconsolata/fi4-ec.enc}</usr/share/texmf-texlive/fonts/type1/p
ublic/inconsolata/Inconsolata.pfb></usr/share/texmf-texlive/fonts/type1/urw/hel
vetic/uhvr8a.pfb></usr/share/texmf-texlive/fonts/type1/urw/times/utmb8a.pfb></u
sr/share/texmf-texlive/fonts/type1/urw/times/utmr8a.pfb></usr/share/texmf-texli
ve/fonts/type1/urw/times/utmr8a.pfb></usr/share/texmf-texlive/fonts/type1/urw/t
imes/utmri8a.pfb>
Output written on Rd2.pdf (19 pages, 133475 bytes).
Transcript written on Rd2.log.
This is makeindex, version 2.15 [TeX Live 2009] (kpathsea + Thai support).
Scanning input file Rd2.idx....done (73 entries accepted, 0 rejected).
Sorting entries....done (481 comparisons).
Generating output file Rd2.ind....done (81 lines written, 0 warnings).
Output written in Rd2.ind.
Transcript written in Rd2.ilg.
This is pdfTeX, Version 3.1415926-1.40.10 (TeX Live 2009/Debian)
entering extended mode
LaTeX2e <2009/09/24>
Babel <v3.8l> and hyphenation patterns for english, usenglishmax, dumylang, noh
yphenation, loaded.
(./Rd2.tex
(/usr/share/texmf-texlive/tex/latex/base/book.cls
Document Class: book 2007/10/19 v1.4h Standard LaTeX document class
(/usr/share/texmf-texlive/tex/latex/base/bk10.clo))
(/usr/share/R/share/texmf/tex/latex/Rd.sty
(/usr/share/texmf-texlive/tex/latex/base/ifthen.sty)
(/usr/share/texmf-texlive/tex/latex/tools/longtable.sty)
(/usr/share/texmf-texlive/tex/latex/tools/bm.sty)
(/usr/share/texmf-texlive/tex/latex/base/alltt.sty)
(/usr/share/texmf-texlive/tex/latex/tools/verbatim.sty)
(/usr/share/texmf-texlive/tex/latex/ltxmisc/url.sty) NOT loading ae
(/usr/share/texmf-texlive/tex/latex/base/fontenc.sty
(/usr/share/texmf-texlive/tex/latex/base/t1enc.def))
(/usr/share/texmf-texlive/tex/latex/psnfss/times.sty) NOT loading lmodern
(/usr/share/texmf-texlive/tex/latex/inconsolata/inconsolata.sty
(/usr/share/texmf-texlive/tex/latex/base/textcomp.sty
(/usr/share/texmf-texlive/tex/latex/base/ts1enc.def))
(/usr/share/texmf-texlive/tex/latex/graphics/keyval.sty))
(/usr/share/texmf-texlive/tex/latex/graphics/color.sty
(/etc/texmf/tex/latex/config/color.cfg)
(/usr/share/texmf-texlive/tex/latex/pdftex-def/pdftex.def))
(/usr/share/texmf-texlive/tex/latex/hyperref/hyperref.sty
(/usr/share/texmf-texlive/tex/generic/oberdiek/ifpdf.sty)
(/usr/share/texmf-texlive/tex/generic/oberdiek/ifvtex.sty)
(/usr/share/texmf-texlive/tex/generic/ifxetex/ifxetex.sty)
(/usr/share/texmf-texlive/tex/latex/oberdiek/hycolor.sty
(/usr/share/texmf-texlive/tex/latex/oberdiek/xcolor-patch.sty))
(/usr/share/texmf-texlive/tex/latex/hyperref/pd1enc.def)
(/usr/share/texmf-texlive/tex/generic/oberdiek/etexcmds.sty
(/usr/share/texmf-texlive/tex/generic/oberdiek/infwarerr.sty))
(/etc/texmf/tex/latex/config/hyperref.cfg)
(/usr/share/texmf-texlive/tex/latex/oberdiek/kvoptions.sty
(/usr/share/texmf-texlive/tex/generic/oberdiek/kvsetkeys.sty))
Implicit mode ON; LaTeX internals redefined
(/usr/share/texmf-texlive/tex/generic/oberdiek/bitset.sty
(/usr/share/texmf-texlive/tex/generic/oberdiek/intcalc.sty)
(/usr/share/texmf-texlive/tex/generic/oberdiek/bigintcalc.sty
(/usr/share/texmf-texlive/tex/generic/oberdiek/pdftexcmds.sty
(/usr/share/texmf-texlive/tex/generic/oberdiek/ifluatex.sty)
(/usr/share/texmf-texlive/tex/generic/oberdiek/ltxcmds.sty))))
(/usr/share/texmf-texlive/tex/generic/oberdiek/atbegshi.sty))
*hyperref using default driver hpdftex*
(/usr/share/texmf-texlive/tex/latex/hyperref/hpdftex.def)

Package hyperref Warning: Option `hyperindex' has already been used,
(hyperref)                setting the option has no effect on input line 342.


Package hyperref Warning: Option `pagebackref' has already been used,
(hyperref)                setting the option has no effect on input line 342.

) (/usr/share/texmf-texlive/tex/latex/base/makeidx.sty)
(/usr/share/texmf-texlive/tex/latex/base/inputenc.sty
(/usr/share/texmf-texlive/tex/latex/base/utf8.def
(/usr/share/texmf-texlive/tex/latex/base/t1enc.dfu)
(/usr/share/texmf-texlive/tex/latex/base/ot1enc.dfu)
(/usr/share/texmf-texlive/tex/latex/base/omsenc.dfu)
(/usr/share/texmf-texlive/tex/latex/base/ts1enc.dfu))
(/usr/share/texmf-texlive/tex/latex/base/latin1.def))
Writing index file Rd2.idx
(./Rd2.aux) (/usr/share/texmf-texlive/tex/latex/base/ts1cmr.fd)
(/usr/share/texmf-texlive/tex/latex/psnfss/t1ptm.fd)
(/usr/share/texmf-texlive/tex/context/base/supp-pdf.mkii
[Loading MPS to PDF converter (version 2006.09.02).]
) (/usr/share/texmf-texlive/tex/latex/hyperref/nameref.sty
(/usr/share/texmf-texlive/tex/latex/oberdiek/refcount.sty)) (./Rd2.out)
(./Rd2.out) (/usr/share/texmf-texlive/tex/latex/inconsolata/t1fi4.fd)
Overfull \hbox (589.72427pt too wide) in paragraph at lines 33--34
\T1/ptm/m/n/10 'auxilary.R' 'chunkify.R' 'compact.R' 'cut_ff.R' 'diff_ff.R''dro
plevels.R' 'ffappend.R' 'ffdfsave.R' 'mean.R' 'pkg.R''risplit.R' 'subset.R' 'Su
mmary_ff.R' 'table_ff.R''tabulate_ff.R' 'transform.R' 'unique.R' 'with.R' 'ffwh
ich.R''ffplyr.R' 'zzz.R'  
(/usr/share/texmf-texlive/tex/latex/psnfss/t1phv.fd) (./Rd2.toc [1{/var/lib/tex
mf/fonts/map/pdftex/updmap/pdftex.map}])
(/usr/share/texmf-texlive/tex/latex/base/utf8.def)
(/usr/share/texmf-texlive/tex/latex/psnfss/ts1ptm.fd)
(/usr/share/texmf-texlive/tex/latex/base/utf8.def) [2]
(/usr/share/texmf-texlive/tex/latex/base/utf8.def) [3]
(/usr/share/texmf-texlive/tex/latex/base/utf8.def)
(/usr/share/texmf-texlive/tex/latex/base/utf8.def)
(/usr/share/texmf-texlive/tex/latex/base/utf8.def) [4]
(/usr/share/texmf-texlive/tex/latex/base/utf8.def) [5]
(/usr/share/texmf-texlive/tex/latex/base/utf8.def)
(/usr/share/texmf-texlive/tex/latex/base/utf8.def) [6]
(/usr/share/texmf-texlive/tex/latex/base/utf8.def) [7]
(/usr/share/texmf-texlive/tex/latex/base/utf8.def)
(/usr/share/texmf-texlive/tex/latex/base/utf8.def) [8]
Overfull \hbox (71.28088pt too wide) in paragraph at lines 472--472
 []\T1/fi4/m/n/9 lowestbypetalwidth <- lowestbypetalwidth[!duplicated(lowestbyp
etalwidth[, c("Species","Petal.Width")]), ][] 
[9]
Overfull \hbox (84.78088pt too wide) in paragraph at lines 475--475
 []\T1/fi4/m/n/9 highestbypetalwidth <- highestbypetalwidth[!duplicated(highest
bypetalwidth[, c("Species","Petal.Width")]), ][] 
(/usr/share/texmf-texlive/tex/latex/base/utf8.def) [10]
(/usr/share/texmf-texlive/tex/latex/base/utf8.def)
(/usr/share/texmf-texlive/tex/latex/base/utf8.def) [11]
(/usr/share/texmf-texlive/tex/latex/base/utf8.def) [12]
(/usr/share/texmf-texlive/tex/latex/base/utf8.def)
(/usr/share/texmf-texlive/tex/latex/base/utf8.def) [13]
(/usr/share/texmf-texlive/tex/latex/base/utf8.def) [14]
(/usr/share/texmf-texlive/tex/latex/base/utf8.def)
(/usr/share/texmf-texlive/tex/latex/base/utf8.def) [15]
(/usr/share/texmf-texlive/tex/latex/base/utf8.def) [16]
(/usr/share/texmf-texlive/tex/latex/base/utf8.def)
(/usr/share/texmf-texlive/tex/latex/base/utf8.def) [17]
(/usr/share/texmf-texlive/tex/latex/base/utf8.def) [18]
(/usr/share/texmf-texlive/tex/latex/base/utf8.def) (./Rd2.ind [19]

LaTeX Font Warning: Font shape `T1/fi4/m/it' undefined
(Font)              using `T1/fi4/m/n' instead on input line 25.

[20]) (./Rd2.aux)

LaTeX Font Warning: Some font shapes were not available, defaults substituted.

 )
(see the transcript file for additional information)pdfTeX warning (dest): name
{Rfn.within} has been referenced but does not exist, replaced by a fixed one

pdfTeX warning (dest): name{Rfn.with} has been referenced but does not exist, r
eplaced by a fixed one

pdfTeX warning (dest): name{Rfn.unique} has been referenced but does not exist,
 replaced by a fixed one

pdfTeX warning (dest): name{Rfn.transform} has been referenced but does not exi
st, replaced by a fixed one

pdfTeX warning (dest): name{Rfn.tabulate} has been referenced but does not exis
t, replaced by a fixed one

pdfTeX warning (dest): name{Rfn.table} has been referenced but does not exist, 
replaced by a fixed one

pdfTeX warning (dest): name{Rfn.as.ffdf} has been referenced but does not exist
, replaced by a fixed one

pdfTeX warning (dest): name{Rfn.droplevels} has been referenced but does not ex
ist, replaced by a fixed one

pdfTeX warning (dest): name{Rfn.cut.default} has been referenced but does not e
xist, replaced by a fixed one

pdfTeX warning (dest): name{Rfn.ffdf} has been referenced but does not exist, r
eplaced by a fixed one

pdfTeX warning (dest): name{Rfn.ff} has been referenced but does not exist, rep
laced by a fixed one

{/usr/share/texmf-texlive/fonts/enc/dvips/base/8r.enc}{/usr/share/texmf-texlive
/fonts/enc/dvips/inconsolata/fi4-ec.enc}</usr/share/texmf-texlive/fonts/type1/p
ublic/inconsolata/Inconsolata.pfb></usr/share/texmf-texlive/fonts/type1/urw/hel
vetic/uhvr8a.pfb></usr/share/texmf-texlive/fonts/type1/urw/times/utmb8a.pfb></u
sr/share/texmf-texlive/fonts/type1/urw/times/utmr8a.pfb></usr/share/texmf-texli
ve/fonts/type1/urw/times/utmr8a.pfb></usr/share/texmf-texlive/fonts/type1/urw/t
imes/utmri8a.pfb>
Output written on Rd2.pdf (20 pages, 154545 bytes).
Transcript written on Rd2.log.
This is makeindex, version 2.15 [TeX Live 2009] (kpathsea + Thai support).
Scanning input file Rd2.idx....done (73 entries accepted, 0 rejected).
Sorting entries....done (481 comparisons).
Generating output file Rd2.ind....done (81 lines written, 0 warnings).
Output written in Rd2.ind.
Transcript written in Rd2.ilg.
This is pdfTeX, Version 3.1415926-1.40.10 (TeX Live 2009/Debian)
entering extended mode
LaTeX2e <2009/09/24>
Babel <v3.8l> and hyphenation patterns for english, usenglishmax, dumylang, noh
yphenation, loaded.
(./Rd2.tex
(/usr/share/texmf-texlive/tex/latex/base/book.cls
Document Class: book 2007/10/19 v1.4h Standard LaTeX document class
(/usr/share/texmf-texlive/tex/latex/base/bk10.clo))
(/usr/share/R/share/texmf/tex/latex/Rd.sty
(/usr/share/texmf-texlive/tex/latex/base/ifthen.sty)
(/usr/share/texmf-texlive/tex/latex/tools/longtable.sty)
(/usr/share/texmf-texlive/tex/latex/tools/bm.sty)
(/usr/share/texmf-texlive/tex/latex/base/alltt.sty)
(/usr/share/texmf-texlive/tex/latex/tools/verbatim.sty)
(/usr/share/texmf-texlive/tex/latex/ltxmisc/url.sty) NOT loading ae
(/usr/share/texmf-texlive/tex/latex/base/fontenc.sty
(/usr/share/texmf-texlive/tex/latex/base/t1enc.def))
(/usr/share/texmf-texlive/tex/latex/psnfss/times.sty) NOT loading lmodern
(/usr/share/texmf-texlive/tex/latex/inconsolata/inconsolata.sty
(/usr/share/texmf-texlive/tex/latex/base/textcomp.sty
(/usr/share/texmf-texlive/tex/latex/base/ts1enc.def))
(/usr/share/texmf-texlive/tex/latex/graphics/keyval.sty))
(/usr/share/texmf-texlive/tex/latex/graphics/color.sty
(/etc/texmf/tex/latex/config/color.cfg)
(/usr/share/texmf-texlive/tex/latex/pdftex-def/pdftex.def))
(/usr/share/texmf-texlive/tex/latex/hyperref/hyperref.sty
(/usr/share/texmf-texlive/tex/generic/oberdiek/ifpdf.sty)
(/usr/share/texmf-texlive/tex/generic/oberdiek/ifvtex.sty)
(/usr/share/texmf-texlive/tex/generic/ifxetex/ifxetex.sty)
(/usr/share/texmf-texlive/tex/latex/oberdiek/hycolor.sty
(/usr/share/texmf-texlive/tex/latex/oberdiek/xcolor-patch.sty))
(/usr/share/texmf-texlive/tex/latex/hyperref/pd1enc.def)
(/usr/share/texmf-texlive/tex/generic/oberdiek/etexcmds.sty
(/usr/share/texmf-texlive/tex/generic/oberdiek/infwarerr.sty))
(/etc/texmf/tex/latex/config/hyperref.cfg)
(/usr/share/texmf-texlive/tex/latex/oberdiek/kvoptions.sty
(/usr/share/texmf-texlive/tex/generic/oberdiek/kvsetkeys.sty))
Implicit mode ON; LaTeX internals redefined
(/usr/share/texmf-texlive/tex/generic/oberdiek/bitset.sty
(/usr/share/texmf-texlive/tex/generic/oberdiek/intcalc.sty)
(/usr/share/texmf-texlive/tex/generic/oberdiek/bigintcalc.sty
(/usr/share/texmf-texlive/tex/generic/oberdiek/pdftexcmds.sty
(/usr/share/texmf-texlive/tex/generic/oberdiek/ifluatex.sty)
(/usr/share/texmf-texlive/tex/generic/oberdiek/ltxcmds.sty))))
(/usr/share/texmf-texlive/tex/generic/oberdiek/atbegshi.sty))
*hyperref using default driver hpdftex*
(/usr/share/texmf-texlive/tex/latex/hyperref/hpdftex.def)

Package hyperref Warning: Option `hyperindex' has already been used,
(hyperref)                setting the option has no effect on input line 342.


Package hyperref Warning: Option `pagebackref' has already been used,
(hyperref)                setting the option has no effect on input line 342.

) (/usr/share/texmf-texlive/tex/latex/base/makeidx.sty)
(/usr/share/texmf-texlive/tex/latex/base/inputenc.sty
(/usr/share/texmf-texlive/tex/latex/base/utf8.def
(/usr/share/texmf-texlive/tex/latex/base/t1enc.dfu)
(/usr/share/texmf-texlive/tex/latex/base/ot1enc.dfu)
(/usr/share/texmf-texlive/tex/latex/base/omsenc.dfu)
(/usr/share/texmf-texlive/tex/latex/base/ts1enc.dfu))
(/usr/share/texmf-texlive/tex/latex/base/latin1.def))
Writing index file Rd2.idx
(./Rd2.aux) (/usr/share/texmf-texlive/tex/latex/base/ts1cmr.fd)
(/usr/share/texmf-texlive/tex/latex/psnfss/t1ptm.fd)
(/usr/share/texmf-texlive/tex/context/base/supp-pdf.mkii
[Loading MPS to PDF converter (version 2006.09.02).]
) (/usr/share/texmf-texlive/tex/latex/hyperref/nameref.sty
(/usr/share/texmf-texlive/tex/latex/oberdiek/refcount.sty)) (./Rd2.out)
(./Rd2.out) (/usr/share/texmf-texlive/tex/latex/inconsolata/t1fi4.fd)
Overfull \hbox (589.72427pt too wide) in paragraph at lines 33--34
\T1/ptm/m/n/10 'auxilary.R' 'chunkify.R' 'compact.R' 'cut_ff.R' 'diff_ff.R''dro
plevels.R' 'ffappend.R' 'ffdfsave.R' 'mean.R' 'pkg.R''risplit.R' 'subset.R' 'Su
mmary_ff.R' 'table_ff.R''tabulate_ff.R' 'transform.R' 'unique.R' 'with.R' 'ffwh
ich.R''ffplyr.R' 'zzz.R'  
(/usr/share/texmf-texlive/tex/latex/psnfss/t1phv.fd) (./Rd2.toc [1{/var/lib/tex
mf/fonts/map/pdftex/updmap/pdftex.map}])
(/usr/share/texmf-texlive/tex/latex/base/utf8.def)
(/usr/share/texmf-texlive/tex/latex/psnfss/ts1ptm.fd) [2]
(/usr/share/texmf-texlive/tex/latex/base/utf8.def)
(/usr/share/texmf-texlive/tex/latex/base/utf8.def) [3]
(/usr/share/texmf-texlive/tex/latex/base/utf8.def)
(/usr/share/texmf-texlive/tex/latex/base/utf8.def)
(/usr/share/texmf-texlive/tex/latex/base/utf8.def) [4]
(/usr/share/texmf-texlive/tex/latex/base/utf8.def) [5]
(/usr/share/texmf-texlive/tex/latex/base/utf8.def)
(/usr/share/texmf-texlive/tex/latex/base/utf8.def) [6]
(/usr/share/texmf-texlive/tex/latex/base/utf8.def) [7]
(/usr/share/texmf-texlive/tex/latex/base/utf8.def)
(/usr/share/texmf-texlive/tex/latex/base/utf8.def) [8]
Overfull \hbox (71.28088pt too wide) in paragraph at lines 472--472
 []\T1/fi4/m/n/9 lowestbypetalwidth <- lowestbypetalwidth[!duplicated(lowestbyp
etalwidth[, c("Species","Petal.Width")]), ][] 
[9]
Overfull \hbox (84.78088pt too wide) in paragraph at lines 475--475
 []\T1/fi4/m/n/9 highestbypetalwidth <- highestbypetalwidth[!duplicated(highest
bypetalwidth[, c("Species","Petal.Width")]), ][] 
(/usr/share/texmf-texlive/tex/latex/base/utf8.def) [10]
(/usr/share/texmf-texlive/tex/latex/base/utf8.def)
(/usr/share/texmf-texlive/tex/latex/base/utf8.def) [11]
(/usr/share/texmf-texlive/tex/latex/base/utf8.def) [12]
(/usr/share/texmf-texlive/tex/latex/base/utf8.def)
(/usr/share/texmf-texlive/tex/latex/base/utf8.def) [13]
(/usr/share/texmf-texlive/tex/latex/base/utf8.def) [14]
(/usr/share/texmf-texlive/tex/latex/base/utf8.def)
(/usr/share/texmf-texlive/tex/latex/base/utf8.def) [15]
(/usr/share/texmf-texlive/tex/latex/base/utf8.def) [16]
(/usr/share/texmf-texlive/tex/latex/base/utf8.def)
(/usr/share/texmf-texlive/tex/latex/base/utf8.def) [17]
(/usr/share/texmf-texlive/tex/latex/base/utf8.def) [18]
(/usr/share/texmf-texlive/tex/latex/base/utf8.def) (./Rd2.ind [19]

LaTeX Font Warning: Font shape `T1/fi4/m/it' undefined
(Font)              using `T1/fi4/m/n' instead on input line 25.

[20]) (./Rd2.aux)

LaTeX Font Warning: Some font shapes were not available, defaults substituted.

 )
(see the transcript file for additional information)pdfTeX warning (dest): name
{Rfn.within} has been referenced but does not exist, replaced by a fixed one

pdfTeX warning (dest): name{Rfn.with} has been referenced but does not exist, r
eplaced by a fixed one

pdfTeX warning (dest): name{Rfn.unique} has been referenced but does not exist,
 replaced by a fixed one

pdfTeX warning (dest): name{Rfn.transform} has been referenced but does not exi
st, replaced by a fixed one

pdfTeX warning (dest): name{Rfn.tabulate} has been referenced but does not exis
t, replaced by a fixed one

pdfTeX warning (dest): name{Rfn.table} has been referenced but does not exist, 
replaced by a fixed one

pdfTeX warning (dest): name{Rfn.as.ffdf} has been referenced but does not exist
, replaced by a fixed one

pdfTeX warning (dest): name{Rfn.droplevels} has been referenced but does not ex
ist, replaced by a fixed one

pdfTeX warning (dest): name{Rfn.cut.default} has been referenced but does not e
xist, replaced by a fixed one

pdfTeX warning (dest): name{Rfn.ffdf} has been referenced but does not exist, r
eplaced by a fixed one

pdfTeX warning (dest): name{Rfn.ff} has been referenced but does not exist, rep
laced by a fixed one

{/usr/share/texmf-texlive/fonts/enc/dvips/base/8r.enc}{/usr/share/texmf-texlive
/fonts/enc/dvips/inconsolata/fi4-ec.enc}</usr/share/texmf-texlive/fonts/type1/p
ublic/inconsolata/Inconsolata.pfb></usr/share/texmf-texlive/fonts/type1/urw/hel
vetic/uhvr8a.pfb></usr/share/texmf-texlive/fonts/type1/urw/times/utmb8a.pfb></u
sr/share/texmf-texlive/fonts/type1/urw/times/utmr8a.pfb></usr/share/texmf-texli
ve/fonts/type1/urw/times/utmr8a.pfb></usr/share/texmf-texlive/fonts/type1/urw/t
imes/utmri8a.pfb>
Output written on Rd2.pdf (20 pages, 155256 bytes).
Transcript written on Rd2.log.
Saving output to 'ffbase-manual.pdf' ...
Done
You may want to clean up by 'rm -rf /tmp/RtmpKzOqxS/Rd2pdf6fd950f97cbd'
